# JRE version: OpenJDK Runtime Environment Microsoft-7208460 (11.0.18+10) (build 11.0.18+10-LTS)
# Java VM: OpenJDK 64-Bit Server VM Microsoft-7208460 (11.0.18+10-LTS, mixed mode, tiered, compressed oops, g1 gc, windows-amd64)
Heap:
 garbage-first heap   total 260096K, used 158447K [0x0000000080000000, 0x0000000100000000)
  region size 1024K, 62 young (63488K), 13 survivors (13312K)
 Metaspace       used 99702K, capacity 102870K, committed 102916K, reserved 606208K
  class space    used 13128K, capacity 14366K, committed 14384K, reserved 516096K
GC Heap History (20 events):
Event: 2.478 GC heap before
{Heap before GC invocations=3 (full 0):
 garbage-first heap   total 260096K, used 54757K [0x0000000080000000, 0x0000000100000000)
  region size 1024K, 48 young (49152K), 11 survivors (11264K)
 Metaspace       used 24262K, capacity 24802K, committed 25008K, reserved 538624K
  class space    used 3075K, capacity 3283K, committed 3328K, reserved 516096K
}
Event: 2.484 GC heap after
{Heap after GC invocations=4 (full 0):
 garbage-first heap   total 260096K, used 19083K [0x0000000080000000, 0x0000000100000000)
  region size 1024K, 2 young (2048K), 2 survivors (2048K)
 Metaspace       used 24262K, capacity 24802K, committed 25008K, reserved 538624K
  class space    used 3075K, capacity 3283K, committed 3328K, reserved 516096K
}
Event: 3.510 GC heap before
{Heap before GC invocations=4 (full 0):
 garbage-first heap   total 260096K, used 98955K [0x0000000080000000, 0x0000000100000000)
  region size 1024K, 81 young (82944K), 2 survivors (2048K)
 Metaspace       used 35004K, capacity 35783K, committed 35920K, reserved 548864K
  class space    used 4486K, capacity 4822K, committed 4864K, reserved 516096K
}
Event: 3.521 GC heap after
{Heap after GC invocations=5 (full 0):
 garbage-first heap   total 260096K, used 22573K [0x0000000080000000, 0x0000000100000000)
  region size 1024K, 6 young (6144K), 6 survivors (6144K)
 Metaspace       used 35004K, capacity 35783K, committed 35920K, reserved 548864K
  class space    used 4486K, capacity 4822K, committed 4864K, reserved 516096K
}
Event: 16.692 GC heap before
{Heap before GC invocations=6 (full 0):
 garbage-first heap   total 260096K, used 141357K [0x0000000080000000, 0x0000000100000000)
  region size 1024K, 119 young (121856K), 6 survivors (6144K)
 Metaspace       used 43690K, capacity 44863K, committed 45008K, reserved 557056K
  class space    used 5480K, capacity 5940K, committed 6016K, reserved 516096K
}
Event: 16.702 GC heap after
{Heap after GC invocations=7 (full 0):
 garbage-first heap   total 260096K, used 31072K [0x0000000080000000, 0x0000000100000000)
  region size 1024K, 14 young (14336K), 14 survivors (14336K)
 Metaspace       used 43690K, capacity 44863K, committed 45008K, reserved 557056K
  class space    used 5480K, capacity 5940K, committed 6016K, reserved 516096K
}
Event: 19.181 GC heap before
{Heap before GC invocations=7 (full 0):
 garbage-first heap   total 260096K, used 176480K [0x0000000080000000, 0x0000000100000000)
  region size 1024K, 152 young (155648K), 14 survivors (14336K)
 Metaspace       used 57081K, capacity 58583K, committed 58704K, reserved 567296K
  class space    used 7294K, capacity 7918K, committed 7936K, reserved 516096K
}
Event: 19.194 GC heap after
{Heap after GC invocations=8 (full 0):
 garbage-first heap   total 260096K, used 44906K [0x0000000080000000, 0x0000000100000000)
  region size 1024K, 19 young (19456K), 19 survivors (19456K)
 Metaspace       used 57081K, capacity 58583K, committed 58704K, reserved 567296K
  class space    used 7294K, capacity 7918K, committed 7936K, reserved 516096K
}
Event: 19.335 GC heap before
{Heap before GC invocations=8 (full 0):
 garbage-first heap   total 260096K, used 54122K [0x0000000080000000, 0x0000000100000000)
  region size 1024K, 29 young (29696K), 19 survivors (19456K)
 Metaspace       used 58676K, capacity 60150K, committed 60240K, reserved 569344K
  class space    used 7480K, capacity 8121K, committed 8192K, reserved 516096K
}
Event: 19.349 GC heap after
{Heap after GC invocations=9 (full 0):
 garbage-first heap   total 260096K, used 45684K [0x0000000080000000, 0x0000000100000000)
  region size 1024K, 11 young (11264K), 11 survivors (11264K)
 Metaspace       used 58676K, capacity 60150K, committed 60240K, reserved 569344K
  class space    used 7480K, capacity 8121K, committed 8192K, reserved 516096K
}
Event: 20.631 GC heap before
{Heap before GC invocations=10 (full 0):
 garbage-first heap   total 260096K, used 190068K [0x0000000080000000, 0x0000000100000000)
  region size 1024K, 152 young (155648K), 11 survivors (11264K)
 Metaspace       used 69860K, capacity 71701K, committed 71764K, reserved 579584K
  class space    used 9044K, capacity 9831K, committed 9856K, reserved 516096K
}
Event: 20.641 GC heap after
{Heap after GC invocations=11 (full 0):
 garbage-first heap   total 260096K, used 52877K [0x0000000080000000, 0x0000000100000000)
  region size 1024K, 8 young (8192K), 8 survivors (8192K)
 Metaspace       used 69860K, capacity 71701K, committed 71764K, reserved 579584K
  class space    used 9044K, capacity 9831K, committed 9856K, reserved 516096K
}
Event: 22.508 GC heap before
{Heap before GC invocations=11 (full 0):
 garbage-first heap   total 260096K, used 200333K [0x0000000080000000, 0x0000000100000000)
  region size 1024K, 150 young (153600K), 8 survivors (8192K)
 Metaspace       used 78223K, capacity 80500K, committed 80724K, reserved 587776K
  class space    used 10178K, capacity 11079K, committed 11136K, reserved 516096K
}
Event: 22.519 GC heap after
{Heap after GC invocations=12 (full 0):
 garbage-first heap   total 260096K, used 66334K [0x0000000080000000, 0x0000000100000000)
  region size 1024K, 19 young (19456K), 19 survivors (19456K)
 Metaspace       used 78223K, capacity 80500K, committed 80724K, reserved 587776K
  class space    used 10178K, capacity 11079K, committed 11136K, reserved 516096K
}
Event: 24.083 GC heap before
{Heap before GC invocations=12 (full 0):
 garbage-first heap   total 260096K, used 212766K [0x0000000080000000, 0x0000000100000000)
  region size 1024K, 152 young (155648K), 19 survivors (19456K)
 Metaspace       used 88611K, capacity 91024K, committed 91092K, reserved 595968K
  class space    used 11484K, capacity 12477K, committed 12544K, reserved 516096K
}
Event: 24.098 GC heap after
{Heap after GC invocations=13 (full 0):
 garbage-first heap   total 260096K, used 79554K [0x0000000080000000, 0x0000000100000000)
  region size 1024K, 12 young (12288K), 12 survivors (12288K)
 Metaspace       used 88611K, capacity 91024K, committed 91092K, reserved 595968K
  class space    used 11484K, capacity 12477K, committed 12544K, reserved 516096K
}
Event: 30.906 GC heap before
{Heap before GC invocations=13 (full 0):
 garbage-first heap   total 260096K, used 202434K [0x0000000080000000, 0x0000000100000000)
  region size 1024K, 132 young (135168K), 12 survivors (12288K)
 Metaspace       used 96174K, capacity 98863K, committed 99028K, reserved 602112K
  class space    used 12699K, capacity 13755K, committed 13824K, reserved 516096K
}
Event: 30.917 GC heap after
{Heap after GC invocations=14 (full 0):
 garbage-first heap   total 260096K, used 90489K [0x0000000080000000, 0x0000000100000000)
  region size 1024K, 11 young (11264K), 11 survivors (11264K)
 Metaspace       used 96174K, capacity 98863K, committed 99028K, reserved 602112K
  class space    used 12699K, capacity 13755K, committed 13824K, reserved 516096K
}
Event: 31.790 GC heap before
{Heap before GC invocations=14 (full 0):
 garbage-first heap   total 260096K, used 165241K [0x0000000080000000, 0x0000000100000000)
  region size 1024K, 79 young (80896K), 11 survivors (11264K)
 Metaspace       used 98082K, capacity 100932K, committed 101048K, reserved 604160K
  class space    used 12894K, capacity 13973K, committed 14052K, reserved 516096K
}
Event: 31.804 GC heap after
{Heap after GC invocations=15 (full 0):
 garbage-first heap   total 260096K, used 109295K [0x0000000080000000, 0x0000000100000000)
  region size 1024K, 13 young (13312K), 13 survivors (13312K)
 Metaspace       used 98082K, capacity 100932K, committed 101048K, reserved 604160K
  class space    used 12894K, capacity 13973K, committed 14052K, reserved 516096K
}

