# JRE version: OpenJDK Runtime Environment Microsoft-7208460 (11.0.18+10) (build 11.0.18+10-LTS)
# Java VM: OpenJDK 64-Bit Server VM Microsoft-7208460 (11.0.18+10-LTS, mixed mode, tiered, compressed oops, g1 gc, windows-amd64)
Heap:
 garbage-first heap   total 260096K, used 56403K [0x0000000080000000, 0x0000000100000000)
  region size 1024K, 26 young (26624K), 11 survivors (11264K)
 Metaspace       used 58616K, capacity 60092K, committed 60240K, reserved 569344K
  class space    used 7479K, capacity 8103K, committed 8192K, reserved 516096K
GC Heap History (13 events):
Event: 0.579 GC heap before
{Heap before GC invocations=0 (full 0):
 garbage-first heap   total 260096K, used 29696K [0x0000000080000000, 0x0000000100000000)
  region size 1024K, 24 young (24576K), 0 survivors (0K)
 Metaspace       used 9740K, capacity 9952K, committed 10112K, reserved 526336K
  class space    used 988K, capacity 1069K, committed 1152K, reserved 516096K
}
Event: 0.582 GC heap after
{Heap after GC invocations=1 (full 0):
 garbage-first heap   total 260096K, used 9038K [0x0000000080000000, 0x0000000100000000)
  region size 1024K, 3 young (3072K), 3 survivors (3072K)
 Metaspace       used 9740K, capacity 9952K, committed 10112K, reserved 526336K
  class space    used 988K, capacity 1069K, committed 1152K, reserved 516096K
}
Event: 2.101 GC heap before
{Heap before GC invocations=1 (full 0):
 garbage-first heap   total 260096K, used 105294K [0x0000000080000000, 0x0000000100000000)
  region size 1024K, 97 young (99328K), 3 survivors (3072K)
 Metaspace       used 20736K, capacity 21175K, committed 21296K, reserved 536576K
  class space    used 2498K, capacity 2666K, committed 2688K, reserved 516096K
}
Event: 2.108 GC heap after
{Heap after GC invocations=2 (full 0):
 garbage-first heap   total 260096K, used 16754K [0x0000000080000000, 0x0000000100000000)
  region size 1024K, 11 young (11264K), 11 survivors (11264K)
 Metaspace       used 20736K, capacity 21175K, committed 21296K, reserved 536576K
  class space    used 2498K, capacity 2666K, committed 2688K, reserved 516096K
}
Event: 2.586 GC heap before
{Heap before GC invocations=3 (full 0):
 garbage-first heap   total 260096K, used 60786K [0x0000000080000000, 0x0000000100000000)
  region size 1024K, 54 young (55296K), 11 survivors (11264K)
 Metaspace       used 24972K, capacity 25575K, committed 25648K, reserved 538624K
  class space    used 3181K, capacity 3413K, committed 3456K, reserved 516096K
}
Event: 2.592 GC heap after
{Heap after GC invocations=4 (full 0):
 garbage-first heap   total 260096K, used 18535K [0x0000000080000000, 0x0000000100000000)
  region size 1024K, 3 young (3072K), 3 survivors (3072K)
 Metaspace       used 24972K, capacity 25575K, committed 25648K, reserved 538624K
  class space    used 3181K, capacity 3413K, committed 3456K, reserved 516096K
}
Event: 3.532 GC heap before
{Heap before GC invocations=4 (full 0):
 garbage-first heap   total 260096K, used 93287K [0x0000000080000000, 0x0000000100000000)
  region size 1024K, 77 young (78848K), 3 survivors (3072K)
 Metaspace       used 35017K, capacity 35783K, committed 35920K, reserved 548864K
  class space    used 4489K, capacity 4822K, committed 4864K, reserved 516096K
}
Event: 3.540 GC heap after
{Heap after GC invocations=5 (full 0):
 garbage-first heap   total 260096K, used 21795K [0x0000000080000000, 0x0000000100000000)
  region size 1024K, 6 young (6144K), 6 survivors (6144K)
 Metaspace       used 35017K, capacity 35783K, committed 35920K, reserved 548864K
  class space    used 4489K, capacity 4822K, committed 4864K, reserved 516096K
}
Event: 17.583 GC heap before
{Heap before GC invocations=6 (full 0):
 garbage-first heap   total 260096K, used 137507K [0x0000000080000000, 0x0000000100000000)
  region size 1024K, 116 young (118784K), 6 survivors (6144K)
 Metaspace       used 43506K, capacity 44687K, committed 45008K, reserved 557056K
  class space    used 5448K, capacity 5922K, committed 6016K, reserved 516096K
}
Event: 17.592 GC heap after
{Heap after GC invocations=7 (full 0):
 garbage-first heap   total 260096K, used 30151K [0x0000000080000000, 0x0000000100000000)
  region size 1024K, 14 young (14336K), 14 survivors (14336K)
 Metaspace       used 43506K, capacity 44687K, committed 45008K, reserved 557056K
  class space    used 5448K, capacity 5922K, committed 6016K, reserved 516096K
}
Event: 19.454 GC heap before
{Heap before GC invocations=7 (full 0):
 garbage-first heap   total 260096K, used 170439K [0x0000000080000000, 0x0000000100000000)
  region size 1024K, 150 young (153600K), 14 survivors (14336K)
 Metaspace       used 57006K, capacity 58596K, committed 58704K, reserved 567296K
  class space    used 7295K, capacity 7900K, committed 7936K, reserved 516096K
}
Event: 19.467 GC heap after
{Heap after GC invocations=8 (full 0):
 garbage-first heap   total 260096K, used 38993K [0x0000000080000000, 0x0000000100000000)
  region size 1024K, 17 young (17408K), 17 survivors (17408K)
 Metaspace       used 57006K, capacity 58596K, committed 58704K, reserved 567296K
  class space    used 7295K, capacity 7900K, committed 7936K, reserved 516096K
}
Event: 19.692 GC heap before
{Heap before GC invocations=8 (full 0):
 garbage-first heap   total 260096K, used 56401K [0x0000000080000000, 0x0000000100000000)
  region size 1024K, 32 young (32768K), 17 survivors (17408K)
 Metaspace       used 58616K, capacity 60092K, committed 60240K, reserved 569344K
  class space    used 7479K, capacity 8103K, committed 8192K, reserved 516096K
}

